# JRE version: Java(TM) SE Runtime Environment (8.0_162-b12) (build 1.8.0_162-b12)
# Java VM: Java HotSpot(TM) 64-Bit Server VM (25.162-b12 mixed mode windows-amd64 compressed oops)
Heap:
 PSYoungGen      total 77824K, used 36791K [0x00000000d5e00000, 0x00000000db880000, 0x0000000100000000)
  eden space 66048K, 47% used [0x00000000d5e00000,0x00000000d7c798b0,0x00000000d9e80000)
  from space 11776K, 47% used [0x00000000dad00000,0x00000000db274708,0x00000000db880000)
  to   space 13312K, 0% used [0x00000000d9e80000,0x00000000d9e80000,0x00000000dab80000)
 ParOldGen       total 57856K, used 34439K [0x0000000081a00000, 0x0000000085280000, 0x00000000d5e00000)
  object space 57856K, 59% used [0x0000000081a00000,0x0000000083ba1ef0,0x0000000085280000)
 Metaspace       used 27118K, capacity 27974K, committed 28208K, reserved 1075200K
  class space    used 3112K, capacity 3312K, committed 3376K, reserved 1048576K
GC Heap History (10 events):
Event: 49.980 GC heap before
{Heap before GC invocations=11 (full 1):
 PSYoungGen      total 42496K, used 40694K [0x00000000d5e00000, 0x00000000d9400000, 0x0000000100000000)
  eden space 30720K, 100% used [0x00000000d5e00000,0x00000000d7c00000,0x00000000d7c00000)
  from space 11776K, 84% used [0x00000000d7c80000,0x00000000d863d9e8,0x00000000d8800000)
  to   space 12288K, 0% used [0x00000000d8800000,0x00000000d8800000,0x00000000d9400000)
 ParOldGen       total 57856K, used 18816K [0x0000000081a00000, 0x0000000085280000, 0x00000000d5e00000)
  object space 57856K, 32% used [0x0000000081a00000,0x0000000082c603d8,0x0000000085280000)
 Metaspace       used 23525K, capacity 24142K, committed 24496K, reserved 1071104K
  class space    used 2741K, capacity 2888K, committed 2992K, reserved 1048576K
Event: 49.987 GC heap after
Heap after GC invocations=11 (full 1):
 PSYoungGen      total 42496K, used 10473K [0x00000000d5e00000, 0x00000000d9480000, 0x0000000100000000)
  eden space 30208K, 0% used [0x00000000d5e00000,0x00000000d5e00000,0x00000000d7b80000)
  from space 12288K, 85% used [0x00000000d8800000,0x00000000d923a7c0,0x00000000d9400000)
  to   space 12800K, 0% used [0x00000000d7b80000,0x00000000d7b80000,0x00000000d8800000)
 ParOldGen       total 57856K, used 18824K [0x0000000081a00000, 0x0000000085280000, 0x00000000d5e00000)
  object space 57856K, 32% used [0x0000000081a00000,0x0000000082c623d8,0x0000000085280000)
 Metaspace       used 23525K, capacity 24142K, committed 24496K, reserved 1071104K
  class space    used 2741K, capacity 2888K, committed 2992K, reserved 1048576K
}
Event: 50.413 GC heap before
{Heap before GC invocations=12 (full 1):
 PSYoungGen      total 42496K, used 40681K [0x00000000d5e00000, 0x00000000d9480000, 0x0000000100000000)
  eden space 30208K, 100% used [0x00000000d5e00000,0x00000000d7b80000,0x00000000d7b80000)
  from space 12288K, 85% used [0x00000000d8800000,0x00000000d923a7c0,0x00000000d9400000)
  to   space 12800K, 0% used [0x00000000d7b80000,0x00000000d7b80000,0x00000000d8800000)
 ParOldGen       total 57856K, used 18824K [0x0000000081a00000, 0x0000000085280000, 0x00000000d5e00000)
  object space 57856K, 32% used [0x0000000081a00000,0x0000000082c623d8,0x0000000085280000)
 Metaspace       used 24553K, capacity 25164K, committed 25264K, reserved 1071104K
  class space    used 2853K, capacity 2973K, committed 2992K, reserved 1048576K
Event: 50.427 GC heap after
Heap after GC invocations=12 (full 1):
 PSYoungGen      total 43008K, used 1507K [0x00000000d5e00000, 0x00000000da400000, 0x0000000100000000)
  eden space 30208K, 0% used [0x00000000d5e00000,0x00000000d5e00000,0x00000000d7b80000)
  from space 12800K, 11% used [0x00000000d7b80000,0x00000000d7cf8f00,0x00000000d8800000)
  to   space 13312K, 0% used [0x00000000d9700000,0x00000000d9700000,0x00000000da400000)
 ParOldGen       total 57856K, used 28657K [0x0000000081a00000, 0x0000000085280000, 0x00000000d5e00000)
  object space 57856K, 49% used [0x0000000081a00000,0x00000000835fc578,0x0000000085280000)
 Metaspace       used 24553K, capacity 25164K, committed 25264K, reserved 1071104K
  class space    used 2853K, capacity 2973K, committed 2992K, reserved 1048576K
}
Event: 51.083 GC heap before
{Heap before GC invocations=13 (full 1):
 PSYoungGen      total 43008K, used 31715K [0x00000000d5e00000, 0x00000000da400000, 0x0000000100000000)
  eden space 30208K, 100% used [0x00000000d5e00000,0x00000000d7b80000,0x00000000d7b80000)
  from space 12800K, 11% used [0x00000000d7b80000,0x00000000d7cf8f00,0x00000000d8800000)
  to   space 13312K, 0% used [0x00000000d9700000,0x00000000d9700000,0x00000000da400000)
 ParOldGen       total 57856K, used 28657K [0x0000000081a00000, 0x0000000085280000, 0x00000000d5e00000)
  object space 57856K, 49% used [0x0000000081a00000,0x00000000835fc578,0x0000000085280000)
 Metaspace       used 24716K, capacity 25370K, committed 25520K, reserved 1071104K
  class space    used 2855K, capacity 2977K, committed 2992K, reserved 1048576K
Event: 51.094 GC heap after
Heap after GC invocations=13 (full 1):
 PSYoungGen      total 57856K, used 1829K [0x00000000d5e00000, 0x00000000da580000, 0x0000000100000000)
  eden space 44544K, 0% used [0x00000000d5e00000,0x00000000d5e00000,0x00000000d8980000)
  from space 13312K, 13% used [0x00000000d9700000,0x00000000d98c9648,0x00000000da400000)
  to   space 13824K, 0% used [0x00000000d8980000,0x00000000d8980000,0x00000000d9700000)
 ParOldGen       total 57856K, used 29137K [0x0000000081a00000, 0x0000000085280000, 0x00000000d5e00000)
  object space 57856K, 50% used [0x0000000081a00000,0x0000000083674588,0x0000000085280000)
 Metaspace       used 24716K, capacity 25370K, committed 25520K, reserved 1071104K
  class space    used 2855K, capacity 2977K, committed 2992K, reserved 1048576K
}
Event: 52.200 GC heap before
{Heap before GC invocations=14 (full 1):
 PSYoungGen      total 57856K, used 46373K [0x00000000d5e00000, 0x00000000da580000, 0x0000000100000000)
  eden space 44544K, 100% used [0x00000000d5e00000,0x00000000d8980000,0x00000000d8980000)
  from space 13312K, 13% used [0x00000000d9700000,0x00000000d98c9648,0x00000000da400000)
  to   space 13824K, 0% used [0x00000000d8980000,0x00000000d8980000,0x00000000d9700000)
 ParOldGen       total 57856K, used 29137K [0x0000000081a00000, 0x0000000085280000, 0x00000000d5e00000)
  object space 57856K, 50% used [0x0000000081a00000,0x0000000083674588,0x0000000085280000)
 Metaspace       used 25861K, capacity 26490K, committed 26800K, reserved 1073152K
  class space    used 2960K, capacity 3137K, committed 3248K, reserved 1048576K
Event: 52.212 GC heap after
Heap after GC invocations=14 (full 1):
 PSYoungGen      total 58368K, used 4125K [0x00000000d5e00000, 0x00000000dba80000, 0x0000000100000000)
  eden space 44544K, 0% used [0x00000000d5e00000,0x00000000d5e00000,0x00000000d8980000)
  from space 13824K, 29% used [0x00000000d8980000,0x00000000d8d87728,0x00000000d9700000)
  to   space 13824K, 0% used [0x00000000dad00000,0x00000000dad00000,0x00000000dba80000)
 ParOldGen       total 57856K, used 30390K [0x0000000081a00000, 0x0000000085280000, 0x00000000d5e00000)
  object space 57856K, 52% used [0x0000000081a00000,0x00000000837adbd8,0x0000000085280000)
 Metaspace       used 25861K, capacity 26490K, committed 26800K, reserved 1073152K
  class space    used 2960K, capacity 3137K, committed 3248K, reserved 1048576K
}
Event: 57.905 GC heap before
{Heap before GC invocations=15 (full 1):
 PSYoungGen      total 58368K, used 48669K [0x00000000d5e00000, 0x00000000dba80000, 0x0000000100000000)
  eden space 44544K, 100% used [0x00000000d5e00000,0x00000000d8980000,0x00000000d8980000)
  from space 13824K, 29% used [0x00000000d8980000,0x00000000d8d87728,0x00000000d9700000)
  to   space 13824K, 0% used [0x00000000dad00000,0x00000000dad00000,0x00000000dba80000)
 ParOldGen       total 57856K, used 30390K [0x0000000081a00000, 0x0000000085280000, 0x00000000d5e00000)
  object space 57856K, 52% used [0x0000000081a00000,0x00000000837adbd8,0x0000000085280000)
 Metaspace       used 26358K, capacity 27166K, committed 27312K, reserved 1073152K
  class space    used 3036K, capacity 3213K, committed 3248K, reserved 1048576K
Event: 57.915 GC heap after
Heap after GC invocations=15 (full 1):
 PSYoungGen      total 77824K, used 5585K [0x00000000d5e00000, 0x00000000db880000, 0x0000000100000000)
  eden space 66048K, 0% used [0x00000000d5e00000,0x00000000d5e00000,0x00000000d9e80000)
  from space 11776K, 47% used [0x00000000dad00000,0x00000000db274708,0x00000000db880000)
  to   space 13312K, 0% used [0x00000000d9e80000,0x00000000d9e80000,0x00000000dab80000)
 ParOldGen       total 57856K, used 34439K [0x0000000081a00000, 0x0000000085280000, 0x00000000d5e00000)
  object space 57856K, 59% used [0x0000000081a00000,0x0000000083ba1ef0,0x0000000085280000)
 Metaspace       used 26358K, capacity 27166K, committed 27312K, reserved 1073152K
  class space    used 3036K, capacity 3213K, committed 3248K, reserved 1048576K
}

